0 [main] ERROR com.documentum.fc.common.impl.logging.LoggingConfigurator  - Problem locating log4j configuration
1 [main] WARN com.documentum.fc.common.impl.logging.LoggingConfigurator  - Using default log4j configuration
3 [main] ERROR com.documentum.fc.common.impl.preferences.PreferencesManager  - [DFC_PREFERENCE_LOAD_FAILED] Failed to load persistent preferences from null
java.io.FileNotFoundException: dfc.properties
	at com.documentum.fc.common.impl.preferences.PreferencesManager.locateMainPersistentStore(PreferencesManager.java:378)
	at com.documentum.fc.common.impl.preferences.PreferencesManager.readPersistentProperties(PreferencesManager.java:329)
	at com.documentum.fc.common.impl.preferences.PreferencesManager.<init>(PreferencesManager.java:37)
	at com.documentum.fc.common.DfPreferences.initialize(DfPreferences.java:64)
	at com.documentum.fc.common.DfPreferences.getInstance(DfPreferences.java:43)
	at com.documentum.fc.client.DfSimpleDbor.getDefaultDbor(DfSimpleDbor.java:78)
	at com.documentum.fc.client.DfSimpleDbor.<init>(DfSimpleDbor.java:66)
	at com.documentum.fc.client.DfClient$ClientImpl.<init>(DfClient.java:350)
	at com.documentum.fc.client.DfClient.<clinit>(DfClient.java:766)
	at com.documentum.com.DfClientX.getLocalClient(DfClientX.java:43)
	at Test_Extract.DFCHelper.createSession(DFCHelper.java:634)
	at Test_Extract.Test_Extract.main(Test_Extract.java:65)
2314 [main] ERROR com.documentum.fc.client.security.impl.IdentityManager  - [DFC_SECURITY_IDENTITY_INIT] no identity initialization or incomplete identity initialization
DfException:: THREAD: main; MSG: ; ERRORCODE: ff; NEXT: null
	at com.documentum.fc.client.security.impl.JKSKeystoreUtil.creteNewKeystoreFile(JKSKeystoreUtil.java:425)
	at com.documentum.fc.client.security.impl.JKSKeystoreUtil.createNewKeystore(JKSKeystoreUtil.java:209)
	at com.documentum.fc.client.security.impl.DfcIdentityKeystore.applyDfcInitPolicy(DfcIdentityKeystore.java:95)
	at com.documentum.fc.client.security.impl.DfcIdentityKeystore.<init>(DfcIdentityKeystore.java:44)
	at com.documentum.fc.client.security.impl.InitializeKeystoreForDfc.init(InitializeKeystoreForDfc.java:129)
	at com.documentum.fc.client.security.impl.InitializeKeystoreForDfc.execute(InitializeKeystoreForDfc.java:54)
	at com.documentum.fc.client.security.internal.KeystoreMgr.initForDfcWithDefaultPolicy(KeystoreMgr.java:71)
	at com.documentum.fc.client.security.impl.IdentityManager.initFromKeystore(IdentityManager.java:139)
	at com.documentum.fc.client.security.impl.IdentityManager.<init>(IdentityManager.java:41)
	at com.documentum.fc.impl.RuntimeContext.<init>(RuntimeContext.java:52)
	at com.documentum.fc.impl.RuntimeContext.<clinit>(RuntimeContext.java:185)
	at com.documentum.fc.client.DfClient.<clinit>(DfClient.java:772)
	at com.documentum.com.DfClientX.getLocalClient(DfClientX.java:43)
	at Test_Extract.DFCHelper.createSession(DFCHelper.java:634)
	at Test_Extract.Test_Extract.main(Test_Extract.java:65)
Caused by: java.io.IOException: Access is denied
	at java.io.WinNTFileSystem.createFileExclusively(Native Method)
	at java.io.File.createNewFile(Unknown Source)
	at com.documentum.fc.client.security.impl.JKSKeystoreUtil.creteNewKeystoreFile(JKSKeystoreUtil.java:412)
	... 14 more
2362 [main] WARN com.documentum.fc.client.security.internal.RegistrationMgr  - [DFC_SECURITY_GR_PUBLICATION_FAILED] Publication of DFC instance with global registry failed
DfException:: THREAD: main; MSG: [DFC_BOF_GLOBAL_REGISTRY_NOT_CONFIGURED] A global registry is not configured; ERRORCODE: ff; NEXT: null
	at com.documentum.fc.client.security.impl.DfcIdentityPublisher.<init>(DfcIdentityPublisher.java:51)
	at com.documentum.fc.client.security.internal.RegistrationMgr.register(RegistrationMgr.java:34)
	at com.documentum.fc.impl.RuntimeContext.<clinit>(RuntimeContext.java:195)
	at com.documentum.fc.client.DfClient.<clinit>(DfClient.java:772)
	at com.documentum.com.DfClientX.getLocalClient(DfClientX.java:43)
	at Test_Extract.DFCHelper.createSession(DFCHelper.java:634)
	at Test_Extract.Test_Extract.main(Test_Extract.java:65)
0 [main] ERROR com.documentum.fc.common.impl.logging.LoggingConfigurator  - Problem locating log4j configuration
1 [main] WARN com.documentum.fc.common.impl.logging.LoggingConfigurator  - Using default log4j configuration
0 [main] ERROR com.documentum.fc.common.impl.logging.LoggingConfigurator  - Problem locating log4j configuration
0 [main] WARN com.documentum.fc.common.impl.logging.LoggingConfigurator  - Using default log4j configuration
0 [main] ERROR com.documentum.fc.common.impl.logging.LoggingConfigurator  - Problem locating log4j configuration
1 [main] WARN com.documentum.fc.common.impl.logging.LoggingConfigurator  - Using default log4j configuration
0 [main] ERROR com.documentum.fc.common.impl.logging.LoggingConfigurator  - Problem locating log4j configuration
0 [main] WARN com.documentum.fc.common.impl.logging.LoggingConfigurator  - Using default log4j configuration
0 [main] ERROR com.documentum.fc.common.impl.logging.LoggingConfigurator  - Problem locating log4j configuration
0 [main] WARN com.documentum.fc.common.impl.logging.LoggingConfigurator  - Using default log4j configuration
0 [main] ERROR com.documentum.fc.common.impl.logging.LoggingConfigurator  - Problem locating log4j configuration
0 [main] WARN com.documentum.fc.common.impl.logging.LoggingConfigurator  - Using default log4j configuration
0 [main] ERROR com.documentum.fc.common.impl.logging.LoggingConfigurator  - Problem locating log4j configuration
0 [main] WARN com.documentum.fc.common.impl.logging.LoggingConfigurator  - Using default log4j configuration
0 [main] ERROR com.documentum.fc.common.impl.logging.LoggingConfigurator  - Problem locating log4j configuration
0 [main] WARN com.documentum.fc.common.impl.logging.LoggingConfigurator  - Using default log4j configuration
0 [main] ERROR com.documentum.fc.common.impl.logging.LoggingConfigurator  - Problem locating log4j configuration
0 [main] WARN com.documentum.fc.common.impl.logging.LoggingConfigurator  - Using default log4j configuration
0 [main] ERROR com.documentum.fc.common.impl.logging.LoggingConfigurator  - Problem locating log4j configuration
0 [main] WARN com.documentum.fc.common.impl.logging.LoggingConfigurator  - Using default log4j configuration
0 [main] ERROR com.documentum.fc.common.impl.logging.LoggingConfigurator  - Problem locating log4j configuration
0 [main] WARN com.documentum.fc.common.impl.logging.LoggingConfigurator  - Using default log4j configuration
0 [main] ERROR com.documentum.fc.common.impl.logging.LoggingConfigurator  - Problem locating log4j configuration
0 [main] WARN com.documentum.fc.common.impl.logging.LoggingConfigurator  - Using default log4j configuration
0 [main] ERROR com.documentum.fc.common.impl.logging.LoggingConfigurator  - Problem locating log4j configuration
10 [main] WARN com.documentum.fc.common.impl.logging.LoggingConfigurator  - Using default log4j configuration
0 [main] ERROR com.documentum.fc.common.impl.logging.LoggingConfigurator  - Problem locating log4j configuration
0 [main] WARN com.documentum.fc.common.impl.logging.LoggingConfigurator  - Using default log4j configuration
0 [main] ERROR com.documentum.fc.common.impl.logging.LoggingConfigurator  - Problem locating log4j configuration
1 [main] WARN com.documentum.fc.common.impl.logging.LoggingConfigurator  - Using default log4j configuration
0 [main] ERROR com.documentum.fc.common.impl.logging.LoggingConfigurator  - Problem locating log4j configuration
0 [main] WARN com.documentum.fc.common.impl.logging.LoggingConfigurator  - Using default log4j configuration
0 [main] ERROR com.documentum.fc.common.impl.logging.LoggingConfigurator  - Problem locating log4j configuration
1 [main] WARN com.documentum.fc.common.impl.logging.LoggingConfigurator  - Using default log4j configuration
0 [main] ERROR com.documentum.fc.common.impl.logging.LoggingConfigurator  - Problem locating log4j configuration
0 [main] WARN com.documentum.fc.common.impl.logging.LoggingConfigurator  - Using default log4j configuration
0 [main] ERROR com.documentum.fc.common.impl.logging.LoggingConfigurator  - Problem locating log4j configuration
0 [main] WARN com.documentum.fc.common.impl.logging.LoggingConfigurator  - Using default log4j configuration
0 [main] ERROR com.documentum.fc.common.impl.logging.LoggingConfigurator  - Problem locating log4j configuration
0 [main] WARN com.documentum.fc.common.impl.logging.LoggingConfigurator  - Using default log4j configuration
0 [main] ERROR com.documentum.fc.common.impl.logging.LoggingConfigurator  - Problem locating log4j configuration
0 [main] WARN com.documentum.fc.common.impl.logging.LoggingConfigurator  - Using default log4j configuration
0 [main] ERROR com.documentum.fc.common.impl.logging.LoggingConfigurator  - Problem locating log4j configuration
0 [main] WARN com.documentum.fc.common.impl.logging.LoggingConfigurator  - Using default log4j configuration
0 [main] ERROR com.documentum.fc.common.impl.logging.LoggingConfigurator  - Problem locating log4j configuration
0 [main] WARN com.documentum.fc.common.impl.logging.LoggingConfigurator  - Using default log4j configuration
0 [main] ERROR com.documentum.fc.common.impl.logging.LoggingConfigurator  - Problem locating log4j configuration
0 [main] WARN com.documentum.fc.common.impl.logging.LoggingConfigurator  - Using default log4j configuration
0 [main] ERROR com.documentum.fc.common.impl.logging.LoggingConfigurator  - Problem locating log4j configuration
0 [main] WARN com.documentum.fc.common.impl.logging.LoggingConfigurator  - Using default log4j configuration
0 [main] ERROR com.documentum.fc.common.impl.logging.LoggingConfigurator  - Problem locating log4j configuration
0 [main] WARN com.documentum.fc.common.impl.logging.LoggingConfigurator  - Using default log4j configuration
0 [main] ERROR com.documentum.fc.common.impl.logging.LoggingConfigurator  - Problem locating log4j configuration
0 [main] WARN com.documentum.fc.common.impl.logging.LoggingConfigurator  - Using default log4j configuration
10 [main] ERROR com.documentum.fc.common.impl.logging.LoggingConfigurator  - Problem locating log4j configuration
10 [main] WARN com.documentum.fc.common.impl.logging.LoggingConfigurator  - Using default log4j configuration
0 [main] ERROR com.documentum.fc.common.impl.logging.LoggingConfigurator  - Problem locating log4j configuration
0 [main] WARN com.documentum.fc.common.impl.logging.LoggingConfigurator  - Using default log4j configuration
0 [main] ERROR com.documentum.fc.common.impl.logging.LoggingConfigurator  - Problem locating log4j configuration
0 [main] WARN com.documentum.fc.common.impl.logging.LoggingConfigurator  - Using default log4j configuration
0 [main] ERROR com.documentum.fc.common.impl.logging.LoggingConfigurator  - Problem locating log4j configuration
0 [main] WARN com.documentum.fc.common.impl.logging.LoggingConfigurator  - Using default log4j configuration
0 [main] ERROR com.documentum.fc.common.impl.logging.LoggingConfigurator  - Problem locating log4j configuration
0 [main] WARN com.documentum.fc.common.impl.logging.LoggingConfigurator  - Using default log4j configuration
0 [main] ERROR com.documentum.fc.common.impl.logging.LoggingConfigurator  - Problem locating log4j configuration
0 [main] WARN com.documentum.fc.common.impl.logging.LoggingConfigurator  - Using default log4j configuration
0 [main] ERROR com.documentum.fc.common.impl.logging.LoggingConfigurator  - Problem locating log4j configuration
0 [main] WARN com.documentum.fc.common.impl.logging.LoggingConfigurator  - Using default log4j configuration
0 [main] ERROR com.documentum.fc.common.impl.logging.LoggingConfigurator  - Problem locating log4j configuration
0 [main] WARN com.documentum.fc.common.impl.logging.LoggingConfigurator  - Using default log4j configuration
0 [main] ERROR com.documentum.fc.common.impl.logging.LoggingConfigurator  - Problem locating log4j configuration
0 [main] WARN com.documentum.fc.common.impl.logging.LoggingConfigurator  - Using default log4j configuration
0 [main] ERROR com.documentum.fc.common.impl.logging.LoggingConfigurator  - Problem locating log4j configuration
0 [main] WARN com.documentum.fc.common.impl.logging.LoggingConfigurator  - Using default log4j configuration
0 [main] ERROR com.documentum.fc.common.impl.logging.LoggingConfigurator  - Problem locating log4j configuration
0 [main] WARN com.documentum.fc.common.impl.logging.LoggingConfigurator  - Using default log4j configuration
0 [main] ERROR com.documentum.fc.common.impl.logging.LoggingConfigurator  - Problem locating log4j configuration
0 [main] WARN com.documentum.fc.common.impl.logging.LoggingConfigurator  - Using default log4j configuration
0 [main] ERROR com.documentum.fc.common.impl.logging.LoggingConfigurator  - Problem locating log4j configuration
0 [main] WARN com.documentum.fc.common.impl.logging.LoggingConfigurator  - Using default log4j configuration
0 [main] ERROR com.documentum.fc.common.impl.logging.LoggingConfigurator  - Problem locating log4j configuration
2 [main] WARN com.documentum.fc.common.impl.logging.LoggingConfigurator  - Using default log4j configuration
0 [main] ERROR com.documentum.fc.common.impl.logging.LoggingConfigurator  - Problem locating log4j configuration
1 [main] WARN com.documentum.fc.common.impl.logging.LoggingConfigurator  - Using default log4j configuration
0 [main] ERROR com.documentum.fc.common.impl.logging.LoggingConfigurator  - Problem locating log4j configuration
0 [main] WARN com.documentum.fc.common.impl.logging.LoggingConfigurator  - Using default log4j configuration
1 [main] ERROR com.documentum.fc.common.impl.logging.LoggingConfigurator  - Problem locating log4j configuration
2 [main] WARN com.documentum.fc.common.impl.logging.LoggingConfigurator  - Using default log4j configuration
0 [main] ERROR com.documentum.fc.common.impl.logging.LoggingConfigurator  - Problem locating log4j configuration
1 [main] WARN com.documentum.fc.common.impl.logging.LoggingConfigurator  - Using default log4j configuration
0 [main] ERROR com.documentum.fc.common.impl.logging.LoggingConfigurator  - Problem locating log4j configuration
1 [main] WARN com.documentum.fc.common.impl.logging.LoggingConfigurator  - Using default log4j configuration
0 [main] ERROR com.documentum.fc.common.impl.logging.LoggingConfigurator  - Problem locating log4j configuration
0 [main] WARN com.documentum.fc.common.impl.logging.LoggingConfigurator  - Using default log4j configuration
0 [main] ERROR com.documentum.fc.common.impl.logging.LoggingConfigurator  - Problem locating log4j configuration
2 [main] WARN com.documentum.fc.common.impl.logging.LoggingConfigurator  - Using default log4j configuration
0 [main] ERROR com.documentum.fc.common.impl.logging.LoggingConfigurator  - Problem locating log4j configuration
0 [main] WARN com.documentum.fc.common.impl.logging.LoggingConfigurator  - Using default log4j configuration
0 [main] ERROR com.documentum.fc.common.impl.logging.LoggingConfigurator  - Problem locating log4j configuration
0 [main] WARN com.documentum.fc.common.impl.logging.LoggingConfigurator  - Using default log4j configuration
0 [main] ERROR com.documentum.fc.common.impl.logging.LoggingConfigurator  - Problem locating log4j configuration
0 [main] WARN com.documentum.fc.common.impl.logging.LoggingConfigurator  - Using default log4j configuration
0 [main] ERROR com.documentum.fc.common.impl.logging.LoggingConfigurator  - Problem locating log4j configuration
0 [main] WARN com.documentum.fc.common.impl.logging.LoggingConfigurator  - Using default log4j configuration
0 [main] ERROR com.documentum.fc.common.impl.logging.LoggingConfigurator  - Problem locating log4j configuration
0 [main] WARN com.documentum.fc.common.impl.logging.LoggingConfigurator  - Using default log4j configuration
0 [main] ERROR com.documentum.fc.common.impl.logging.LoggingConfigurator  - Problem locating log4j configuration
1 [main] WARN com.documentum.fc.common.impl.logging.LoggingConfigurator  - Using default log4j configuration
0 [main] ERROR com.documentum.fc.common.impl.logging.LoggingConfigurator  - Problem locating log4j configuration
1 [main] WARN com.documentum.fc.common.impl.logging.LoggingConfigurator  - Using default log4j configuration
0 [main] ERROR com.documentum.fc.common.impl.logging.LoggingConfigurator  - Problem locating log4j configuration
1 [main] WARN com.documentum.fc.common.impl.logging.LoggingConfigurator  - Using default log4j configuration
10 [main] ERROR com.documentum.fc.common.impl.logging.LoggingConfigurator  - Problem locating log4j configuration
10 [main] WARN com.documentum.fc.common.impl.logging.LoggingConfigurator  - Using default log4j configuration
0 [main] ERROR com.documentum.fc.common.impl.logging.LoggingConfigurator  - Problem locating log4j configuration
10 [main] WARN com.documentum.fc.common.impl.logging.LoggingConfigurator  - Using default log4j configuration
0 [main] ERROR com.documentum.fc.common.impl.logging.LoggingConfigurator  - Problem locating log4j configuration
0 [main] WARN com.documentum.fc.common.impl.logging.LoggingConfigurator  - Using default log4j configuration
0 [main] ERROR com.documentum.fc.common.impl.logging.LoggingConfigurator  - Problem locating log4j configuration
16 [main] WARN com.documentum.fc.common.impl.logging.LoggingConfigurator  - Using default log4j configuration
0 [main] ERROR com.documentum.fc.common.impl.logging.LoggingConfigurator  - Problem locating log4j configuration
0 [main] WARN com.documentum.fc.common.impl.logging.LoggingConfigurator  - Using default log4j configuration
0 [main] ERROR com.documentum.fc.common.impl.logging.LoggingConfigurator  - Problem locating log4j configuration
0 [main] WARN com.documentum.fc.common.impl.logging.LoggingConfigurator  - Using default log4j configuration
0 [main] ERROR com.documentum.fc.common.impl.logging.LoggingConfigurator  - Problem locating log4j configuration
2 [main] WARN com.documentum.fc.common.impl.logging.LoggingConfigurator  - Using default log4j configuration
0 [main] ERROR com.documentum.fc.common.impl.logging.LoggingConfigurator  - Problem locating log4j configuration
0 [main] WARN com.documentum.fc.common.impl.logging.LoggingConfigurator  - Using default log4j configuration
0 [main] ERROR com.documentum.fc.common.impl.logging.LoggingConfigurator  - Problem locating log4j configuration
0 [main] WARN com.documentum.fc.common.impl.logging.LoggingConfigurator  - Using default log4j configuration
0 [main] ERROR com.documentum.fc.common.impl.logging.LoggingConfigurator  - Problem locating log4j configuration
0 [main] WARN com.documentum.fc.common.impl.logging.LoggingConfigurator  - Using default log4j configuration
0 [main] ERROR com.documentum.fc.common.impl.logging.LoggingConfigurator  - Problem locating log4j configuration
2 [main] WARN com.documentum.fc.common.impl.logging.LoggingConfigurator  - Using default log4j configuration
0 [main] ERROR com.documentum.fc.common.impl.logging.LoggingConfigurator  - Problem locating log4j configuration
0 [main] WARN com.documentum.fc.common.impl.logging.LoggingConfigurator  - Using default log4j configuration
0 [main] ERROR com.documentum.fc.common.impl.logging.LoggingConfigurator  - Problem locating log4j configuration
0 [main] WARN com.documentum.fc.common.impl.logging.LoggingConfigurator  - Using default log4j configuration
0 [main] ERROR com.documentum.fc.common.impl.logging.LoggingConfigurator  - Problem locating log4j configuration
0 [main] WARN com.documentum.fc.common.impl.logging.LoggingConfigurator  - Using default log4j configuration
1 [main] ERROR com.documentum.fc.common.impl.logging.LoggingConfigurator  - Problem locating log4j configuration
5 [main] WARN com.documentum.fc.common.impl.logging.LoggingConfigurator  - Using default log4j configuration
1 [main] ERROR com.documentum.fc.common.impl.logging.LoggingConfigurator  - Problem locating log4j configuration
2 [main] WARN com.documentum.fc.common.impl.logging.LoggingConfigurator  - Using default log4j configuration
0 [main] ERROR com.documentum.fc.common.impl.logging.LoggingConfigurator  - Problem locating log4j configuration
1 [main] WARN com.documentum.fc.common.impl.logging.LoggingConfigurator  - Using default log4j configuration
0 [main] ERROR com.documentum.fc.common.impl.logging.LoggingConfigurator  - Problem locating log4j configuration
0 [main] WARN com.documentum.fc.common.impl.logging.LoggingConfigurator  - Using default log4j configuration
0 [main] ERROR com.documentum.fc.common.impl.logging.LoggingConfigurator  - Problem locating log4j configuration
0 [main] WARN com.documentum.fc.common.impl.logging.LoggingConfigurator  - Using default log4j configuration
0 [main] ERROR com.documentum.fc.common.impl.logging.LoggingConfigurator  - Problem locating log4j configuration
0 [main] WARN com.documentum.fc.common.impl.logging.LoggingConfigurator  - Using default log4j configuration
0 [main] ERROR com.documentum.fc.common.impl.logging.LoggingConfigurator  - Problem locating log4j configuration
0 [main] WARN com.documentum.fc.common.impl.logging.LoggingConfigurator  - Using default log4j configuration
0 [main] ERROR com.documentum.fc.common.impl.logging.LoggingConfigurator  - Problem locating log4j configuration
0 [main] WARN com.documentum.fc.common.impl.logging.LoggingConfigurator  - Using default log4j configuration
0 [main] ERROR com.documentum.fc.common.impl.logging.LoggingConfigurator  - Problem locating log4j configuration
1 [main] WARN com.documentum.fc.common.impl.logging.LoggingConfigurator  - Using default log4j configuration
0 [main] ERROR com.documentum.fc.common.impl.logging.LoggingConfigurator  - Problem locating log4j configuration
1 [main] WARN com.documentum.fc.common.impl.logging.LoggingConfigurator  - Using default log4j configuration
0 [main] ERROR com.documentum.fc.common.impl.logging.LoggingConfigurator  - Problem locating log4j configuration
0 [main] WARN com.documentum.fc.common.impl.logging.LoggingConfigurator  - Using default log4j configuration
0 [main] ERROR com.documentum.fc.common.impl.logging.LoggingConfigurator  - Problem locating log4j configuration
1 [main] WARN com.documentum.fc.common.impl.logging.LoggingConfigurator  - Using default log4j configuration
0 [main] ERROR com.documentum.fc.common.impl.logging.LoggingConfigurator  - Problem locating log4j configuration
1 [main] WARN com.documentum.fc.common.impl.logging.LoggingConfigurator  - Using default log4j configuration
0 [main] ERROR com.documentum.fc.common.impl.logging.LoggingConfigurator  - Problem locating log4j configuration
1 [main] WARN com.documentum.fc.common.impl.logging.LoggingConfigurator  - Using default log4j configuration
0 [main] ERROR com.documentum.fc.common.impl.logging.LoggingConfigurator  - Problem locating log4j configuration
1 [main] WARN com.documentum.fc.common.impl.logging.LoggingConfigurator  - Using default log4j configuration
0 [main] ERROR com.documentum.fc.common.impl.logging.LoggingConfigurator  - Problem locating log4j configuration
0 [main] WARN com.documentum.fc.common.impl.logging.LoggingConfigurator  - Using default log4j configuration
0 [main] ERROR com.documentum.fc.common.impl.logging.LoggingConfigurator  - Problem locating log4j configuration
0 [main] WARN com.documentum.fc.common.impl.logging.LoggingConfigurator  - Using default log4j configuration
0 [main] ERROR com.documentum.fc.common.impl.logging.LoggingConfigurator  - Problem locating log4j configuration
0 [main] WARN com.documentum.fc.common.impl.logging.LoggingConfigurator  - Using default log4j configuration
0 [main] ERROR com.documentum.fc.common.impl.logging.LoggingConfigurator  - Problem locating log4j configuration
0 [main] WARN com.documentum.fc.common.impl.logging.LoggingConfigurator  - Using default log4j configuration
0 [main] ERROR com.documentum.fc.common.impl.logging.LoggingConfigurator  - Problem locating log4j configuration
2 [main] WARN com.documentum.fc.common.impl.logging.LoggingConfigurator  - Using default log4j configuration
0 [main] ERROR com.documentum.fc.common.impl.logging.LoggingConfigurator  - Problem locating log4j configuration
0 [main] WARN com.documentum.fc.common.impl.logging.LoggingConfigurator  - Using default log4j configuration
0 [main] ERROR com.documentum.fc.common.impl.logging.LoggingConfigurator  - Problem locating log4j configuration
0 [main] WARN com.documentum.fc.common.impl.logging.LoggingConfigurator  - Using default log4j configuration
0 [main] ERROR com.documentum.fc.common.impl.logging.LoggingConfigurator  - Problem locating log4j configuration
1 [main] WARN com.documentum.fc.common.impl.logging.LoggingConfigurator  - Using default log4j configuration
0 [main] ERROR com.documentum.fc.common.impl.logging.LoggingConfigurator  - Problem locating log4j configuration
0 [main] WARN com.documentum.fc.common.impl.logging.LoggingConfigurator  - Using default log4j configuration
0 [main] ERROR com.documentum.fc.common.impl.logging.LoggingConfigurator  - Problem locating log4j configuration
1 [main] WARN com.documentum.fc.common.impl.logging.LoggingConfigurator  - Using default log4j configuration
0 [main] ERROR com.documentum.fc.common.impl.logging.LoggingConfigurator  - Problem locating log4j configuration
0 [main] WARN com.documentum.fc.common.impl.logging.LoggingConfigurator  - Using default log4j configuration
0 [main] ERROR com.documentum.fc.common.impl.logging.LoggingConfigurator  - Problem locating log4j configuration
2 [main] WARN com.documentum.fc.common.impl.logging.LoggingConfigurator  - Using default log4j configuration
0 [main] ERROR com.documentum.fc.common.impl.logging.LoggingConfigurator  - Problem locating log4j configuration
1 [main] WARN com.documentum.fc.common.impl.logging.LoggingConfigurator  - Using default log4j configuration
0 [main] ERROR com.documentum.fc.common.impl.logging.LoggingConfigurator  - Problem locating log4j configuration
0 [main] WARN com.documentum.fc.common.impl.logging.LoggingConfigurator  - Using default log4j configuration
0 [main] ERROR com.documentum.fc.common.impl.logging.LoggingConfigurator  - Problem locating log4j configuration
0 [main] WARN com.documentum.fc.common.impl.logging.LoggingConfigurator  - Using default log4j configuration
0 [main] ERROR com.documentum.fc.common.impl.logging.LoggingConfigurator  - Problem locating log4j configuration
1 [main] WARN com.documentum.fc.common.impl.logging.LoggingConfigurator  - Using default log4j configuration
0 [main] ERROR com.documentum.fc.common.impl.logging.LoggingConfigurator  - Problem locating log4j configuration
1 [main] WARN com.documentum.fc.common.impl.logging.LoggingConfigurator  - Using default log4j configuration
0 [main] ERROR com.documentum.fc.common.impl.logging.LoggingConfigurator  - Problem locating log4j configuration
1 [main] WARN com.documentum.fc.common.impl.logging.LoggingConfigurator  - Using default log4j configuration
1 [main] ERROR com.documentum.fc.common.impl.logging.LoggingConfigurator  - Problem locating log4j configuration
2 [main] WARN com.documentum.fc.common.impl.logging.LoggingConfigurator  - Using default log4j configuration
0 [main] ERROR com.documentum.fc.common.impl.logging.LoggingConfigurator  - Problem locating log4j configuration
1 [main] WARN com.documentum.fc.common.impl.logging.LoggingConfigurator  - Using default log4j configuration
0 [main] ERROR com.documentum.fc.common.impl.logging.LoggingConfigurator  - Problem locating log4j configuration
1 [main] WARN com.documentum.fc.common.impl.logging.LoggingConfigurator  - Using default log4j configuration
0 [main] ERROR com.documentum.fc.common.impl.logging.LoggingConfigurator  - Problem locating log4j configuration
0 [main] WARN com.documentum.fc.common.impl.logging.LoggingConfigurator  - Using default log4j configuration
0 [main] ERROR com.documentum.fc.common.impl.logging.LoggingConfigurator  - Problem locating log4j configuration
0 [main] WARN com.documentum.fc.common.impl.logging.LoggingConfigurator  - Using default log4j configuration
0 [main] ERROR com.documentum.fc.common.impl.logging.LoggingConfigurator  - Problem locating log4j configuration
0 [main] WARN com.documentum.fc.common.impl.logging.LoggingConfigurator  - Using default log4j configuration
0 [main] ERROR com.documentum.fc.common.impl.logging.LoggingConfigurator  - Problem locating log4j configuration
0 [main] WARN com.documentum.fc.common.impl.logging.LoggingConfigurator  - Using default log4j configuration
0 [main] ERROR com.documentum.fc.common.impl.logging.LoggingConfigurator  - Problem locating log4j configuration
1 [main] WARN com.documentum.fc.common.impl.logging.LoggingConfigurator  - Using default log4j configuration
0 [main] ERROR com.documentum.fc.common.impl.logging.LoggingConfigurator  - Problem locating log4j configuration
1 [main] WARN com.documentum.fc.common.impl.logging.LoggingConfigurator  - Using default log4j configuration
0 [main] ERROR com.documentum.fc.common.impl.logging.LoggingConfigurator  - Problem locating log4j configuration
1 [main] WARN com.documentum.fc.common.impl.logging.LoggingConfigurator  - Using default log4j configuration
0 [main] ERROR com.documentum.fc.common.impl.logging.LoggingConfigurator  - Problem locating log4j configuration
0 [main] WARN com.documentum.fc.common.impl.logging.LoggingConfigurator  - Using default log4j configuration
0 [main] ERROR com.documentum.fc.common.impl.logging.LoggingConfigurator  - Problem locating log4j configuration
1 [main] WARN com.documentum.fc.common.impl.logging.LoggingConfigurator  - Using default log4j configuration
0 [main] ERROR com.documentum.fc.common.impl.logging.LoggingConfigurator  - Problem locating log4j configuration
0 [main] WARN com.documentum.fc.common.impl.logging.LoggingConfigurator  - Using default log4j configuration
0 [main] ERROR com.documentum.fc.common.impl.logging.LoggingConfigurator  - Problem locating log4j configuration
0 [main] WARN com.documentum.fc.common.impl.logging.LoggingConfigurator  - Using default log4j configuration
0 [main] ERROR com.documentum.fc.common.impl.logging.LoggingConfigurator  - Problem locating log4j configuration
0 [main] WARN com.documentum.fc.common.impl.logging.LoggingConfigurator  - Using default log4j configuration
0 [main] ERROR com.documentum.fc.common.impl.logging.LoggingConfigurator  - Problem locating log4j configuration
2 [main] WARN com.documentum.fc.common.impl.logging.LoggingConfigurator  - Using default log4j configuration
0 [main] ERROR com.documentum.fc.common.impl.logging.LoggingConfigurator  - Problem locating log4j configuration
0 [main] WARN com.documentum.fc.common.impl.logging.LoggingConfigurator  - Using default log4j configuration
0 [main] ERROR com.documentum.fc.common.impl.logging.LoggingConfigurator  - Problem locating log4j configuration
0 [main] WARN com.documentum.fc.common.impl.logging.LoggingConfigurator  - Using default log4j configuration
0 [main] ERROR com.documentum.fc.common.impl.logging.LoggingConfigurator  - Problem locating log4j configuration
0 [main] WARN com.documentum.fc.common.impl.logging.LoggingConfigurator  - Using default log4j configuration
0 [main] ERROR com.documentum.fc.common.impl.logging.LoggingConfigurator  - Problem locating log4j configuration
2 [main] WARN com.documentum.fc.common.impl.logging.LoggingConfigurator  - Using default log4j configuration
0 [main] ERROR com.documentum.fc.common.impl.logging.LoggingConfigurator  - Problem locating log4j configuration
0 [main] WARN com.documentum.fc.common.impl.logging.LoggingConfigurator  - Using default log4j configuration
0 [main] ERROR com.documentum.fc.common.impl.logging.LoggingConfigurator  - Problem locating log4j configuration
1 [main] WARN com.documentum.fc.common.impl.logging.LoggingConfigurator  - Using default log4j configuration
0 [main] ERROR com.documentum.fc.common.impl.logging.LoggingConfigurator  - Problem locating log4j configuration
0 [main] WARN com.documentum.fc.common.impl.logging.LoggingConfigurator  - Using default log4j configuration
0 [main] ERROR com.documentum.fc.common.impl.logging.LoggingConfigurator  - Problem locating log4j configuration
0 [main] WARN com.documentum.fc.common.impl.logging.LoggingConfigurator  - Using default log4j configuration
0 [main] ERROR com.documentum.fc.common.impl.logging.LoggingConfigurator  - Problem locating log4j configuration
0 [main] WARN com.documentum.fc.common.impl.logging.LoggingConfigurator  - Using default log4j configuration
0 [main] ERROR com.documentum.fc.common.impl.logging.LoggingConfigurator  - Problem locating log4j configuration
0 [main] WARN com.documentum.fc.common.impl.logging.LoggingConfigurator  - Using default log4j configuration
0 [main] ERROR com.documentum.fc.common.impl.logging.LoggingConfigurator  - Problem locating log4j configuration
0 [main] WARN com.documentum.fc.common.impl.logging.LoggingConfigurator  - Using default log4j configuration
0 [main] ERROR com.documentum.fc.common.impl.logging.LoggingConfigurator  - Problem locating log4j configuration
0 [main] WARN com.documentum.fc.common.impl.logging.LoggingConfigurator  - Using default log4j configuration
0 [main] ERROR com.documentum.fc.common.impl.logging.LoggingConfigurator  - Problem locating log4j configuration
0 [main] WARN com.documentum.fc.common.impl.logging.LoggingConfigurator  - Using default log4j configuration
0 [main] ERROR com.documentum.fc.common.impl.logging.LoggingConfigurator  - Problem locating log4j configuration
0 [main] WARN com.documentum.fc.common.impl.logging.LoggingConfigurator  - Using default log4j configuration
0 [main] ERROR com.documentum.fc.common.impl.logging.LoggingConfigurator  - Problem locating log4j configuration
10 [main] WARN com.documentum.fc.common.impl.logging.LoggingConfigurator  - Using default log4j configuration
0 [main] ERROR com.documentum.fc.common.impl.logging.LoggingConfigurator  - Problem locating log4j configuration
0 [main] WARN com.documentum.fc.common.impl.logging.LoggingConfigurator  - Using default log4j configuration
0 [main] ERROR com.documentum.fc.common.impl.logging.LoggingConfigurator  - Problem locating log4j configuration
0 [main] WARN com.documentum.fc.common.impl.logging.LoggingConfigurator  - Using default log4j configuration
0 [main] ERROR com.documentum.fc.common.impl.logging.LoggingConfigurator  - Problem locating log4j configuration
0 [main] WARN com.documentum.fc.common.impl.logging.LoggingConfigurator  - Using default log4j configuration
0 [main] ERROR com.documentum.fc.common.impl.logging.LoggingConfigurator  - Problem locating log4j configuration
16 [main] WARN com.documentum.fc.common.impl.logging.LoggingConfigurator  - Using default log4j configuration
0 [main] ERROR com.documentum.fc.common.impl.logging.LoggingConfigurator  - Problem locating log4j configuration
0 [main] WARN com.documentum.fc.common.impl.logging.LoggingConfigurator  - Using default log4j configuration
0 [main] ERROR com.documentum.fc.common.impl.logging.LoggingConfigurator  - Problem locating log4j configuration
0 [main] WARN com.documentum.fc.common.impl.logging.LoggingConfigurator  - Using default log4j configuration
0 [main] ERROR com.documentum.fc.common.impl.logging.LoggingConfigurator  - Problem locating log4j configuration
0 [main] WARN com.documentum.fc.common.impl.logging.LoggingConfigurator  - Using default log4j configuration
0 [main] ERROR com.documentum.fc.common.impl.logging.LoggingConfigurator  - Problem locating log4j configuration
0 [main] WARN com.documentum.fc.common.impl.logging.LoggingConfigurator  - Using default log4j configuration
0 [main] ERROR com.documentum.fc.common.impl.logging.LoggingConfigurator  - Problem locating log4j configuration
0 [main] WARN com.documentum.fc.common.impl.logging.LoggingConfigurator  - Using default log4j configuration
0 [main] ERROR com.documentum.fc.common.impl.logging.LoggingConfigurator  - Problem locating log4j configuration
1 [main] WARN com.documentum.fc.common.impl.logging.LoggingConfigurator  - Using default log4j configuration
0 [main] ERROR com.documentum.fc.common.impl.logging.LoggingConfigurator  - Problem locating log4j configuration
1 [main] WARN com.documentum.fc.common.impl.logging.LoggingConfigurator  - Using default log4j configuration
0 [main] ERROR com.documentum.fc.common.impl.logging.LoggingConfigurator  - Problem locating log4j configuration
16 [main] WARN com.documentum.fc.common.impl.logging.LoggingConfigurator  - Using default log4j configuration
0 [main] ERROR com.documentum.fc.common.impl.logging.LoggingConfigurator  - Problem locating log4j configuration
0 [main] WARN com.documentum.fc.common.impl.logging.LoggingConfigurator  - Using default log4j configuration
0 [main] ERROR com.documentum.fc.common.impl.logging.LoggingConfigurator  - Problem locating log4j configuration
0 [main] WARN com.documentum.fc.common.impl.logging.LoggingConfigurator  - Using default log4j configuration
0 [main] ERROR com.documentum.fc.common.impl.logging.LoggingConfigurator  - Problem locating log4j configuration
0 [main] WARN com.documentum.fc.common.impl.logging.LoggingConfigurator  - Using default log4j configuration
0 [main] ERROR com.documentum.fc.common.impl.logging.LoggingConfigurator  - Problem locating log4j configuration
0 [main] WARN com.documentum.fc.common.impl.logging.LoggingConfigurator  - Using default log4j configuration
0 [main] ERROR com.documentum.fc.common.impl.logging.LoggingConfigurator  - Problem locating log4j configuration
0 [main] WARN com.documentum.fc.common.impl.logging.LoggingConfigurator  - Using default log4j configuration
0 [main] ERROR com.documentum.fc.common.impl.logging.LoggingConfigurator  - Problem locating log4j configuration
0 [main] WARN com.documentum.fc.common.impl.logging.LoggingConfigurator  - Using default log4j configuration
0 [main] ERROR com.documentum.fc.common.impl.logging.LoggingConfigurator  - Problem locating log4j configuration
1 [main] WARN com.documentum.fc.common.impl.logging.LoggingConfigurator  - Using default log4j configuration
0 [main] ERROR com.documentum.fc.common.impl.logging.LoggingConfigurator  - Problem locating log4j configuration
0 [main] WARN com.documentum.fc.common.impl.logging.LoggingConfigurator  - Using default log4j configuration
0 [main] ERROR com.documentum.fc.common.impl.logging.LoggingConfigurator  - Problem locating log4j configuration
0 [main] WARN com.documentum.fc.common.impl.logging.LoggingConfigurator  - Using default log4j configuration
0 [main] ERROR com.documentum.fc.common.impl.logging.LoggingConfigurator  - Problem locating log4j configuration
0 [main] WARN com.documentum.fc.common.impl.logging.LoggingConfigurator  - Using default log4j configuration
0 [main] ERROR com.documentum.fc.common.impl.logging.LoggingConfigurator  - Problem locating log4j configuration
0 [main] WARN com.documentum.fc.common.impl.logging.LoggingConfigurator  - Using default log4j configuration
0 [main] ERROR com.documentum.fc.common.impl.logging.LoggingConfigurator  - Problem locating log4j configuration
0 [main] WARN com.documentum.fc.common.impl.logging.LoggingConfigurator  - Using default log4j configuration
0 [main] ERROR com.documentum.fc.common.impl.logging.LoggingConfigurator  - Problem locating log4j configuration
0 [main] WARN com.documentum.fc.common.impl.logging.LoggingConfigurator  - Using default log4j configuration
0 [main] ERROR com.documentum.fc.common.impl.logging.LoggingConfigurator  - Problem locating log4j configuration
1 [main] WARN com.documentum.fc.common.impl.logging.LoggingConfigurator  - Using default log4j configuration
0 [main] ERROR com.documentum.fc.common.impl.logging.LoggingConfigurator  - Problem locating log4j configuration
0 [main] WARN com.documentum.fc.common.impl.logging.LoggingConfigurator  - Using default log4j configuration
0 [main] ERROR com.documentum.fc.common.impl.logging.LoggingConfigurator  - Problem locating log4j configuration
0 [main] WARN com.documentum.fc.common.impl.logging.LoggingConfigurator  - Using default log4j configuration
0 [main] ERROR com.documentum.fc.common.impl.logging.LoggingConfigurator  - Problem locating log4j configuration
0 [main] WARN com.documentum.fc.common.impl.logging.LoggingConfigurator  - Using default log4j configuration
0 [main] ERROR com.documentum.fc.common.impl.logging.LoggingConfigurator  - Problem locating log4j configuration
0 [main] WARN com.documentum.fc.common.impl.logging.LoggingConfigurator  - Using default log4j configuration
0 [main] ERROR com.documentum.fc.common.impl.logging.LoggingConfigurator  - Problem locating log4j configuration
0 [main] WARN com.documentum.fc.common.impl.logging.LoggingConfigurator  - Using default log4j configuration
0 [main] ERROR com.documentum.fc.common.impl.logging.LoggingConfigurator  - Problem locating log4j configuration
3 [main] WARN com.documentum.fc.common.impl.logging.LoggingConfigurator  - Using default log4j configuration
0 [main] ERROR com.documentum.fc.common.impl.logging.LoggingConfigurator  - Problem locating log4j configuration
2 [main] WARN com.documentum.fc.common.impl.logging.LoggingConfigurator  - Using default log4j configuration
0 [main] ERROR com.documentum.fc.common.impl.logging.LoggingConfigurator  - Problem locating log4j configuration
2 [main] WARN com.documentum.fc.common.impl.logging.LoggingConfigurator  - Using default log4j configuration
0 [main] ERROR com.documentum.fc.common.impl.logging.LoggingConfigurator  - Problem locating log4j configuration
1 [main] WARN com.documentum.fc.common.impl.logging.LoggingConfigurator  - Using default log4j configuration
0 [main] ERROR com.documentum.fc.common.impl.logging.LoggingConfigurator  - Problem locating log4j configuration
0 [main] WARN com.documentum.fc.common.impl.logging.LoggingConfigurator  - Using default log4j configuration
0 [main] ERROR com.documentum.fc.common.impl.logging.LoggingConfigurator  - Problem locating log4j configuration
1 [main] WARN com.documentum.fc.common.impl.logging.LoggingConfigurator  - Using default log4j configuration
0 [main] ERROR com.documentum.fc.common.impl.logging.LoggingConfigurator  - Problem locating log4j configuration
0 [main] WARN com.documentum.fc.common.impl.logging.LoggingConfigurator  - Using default log4j configuration
0 [main] ERROR com.documentum.fc.common.impl.logging.LoggingConfigurator  - Problem locating log4j configuration
0 [main] WARN com.documentum.fc.common.impl.logging.LoggingConfigurator  - Using default log4j configuration
0 [main] ERROR com.documentum.fc.common.impl.logging.LoggingConfigurator  - Problem locating log4j configuration
0 [main] WARN com.documentum.fc.common.impl.logging.LoggingConfigurator  - Using default log4j configuration
0 [main] ERROR com.documentum.fc.common.impl.logging.LoggingConfigurator  - Problem locating log4j configuration
0 [main] WARN com.documentum.fc.common.impl.logging.LoggingConfigurator  - Using default log4j configuration
3269693 [main] WARN com.documentum.fc.client.impl.connection.docbase.netwise.NetwiseDocbaseRpcClient$TypedDataIterator  - Failed to close collection, collection=4
DfIOException:: THREAD: main; MSG: [DM_SESSION_E_RPC_ERROR]error:  "Server communication failure"; ERRORCODE: 100; NEXT: null
	at com.documentum.fc.client.DfIOException.newCommunicationFailureException(DfIOException.java:16)
	at com.documentum.fc.client.impl.connection.netwise.AbstractNetwiseRpcClient.sendMessage(AbstractNetwiseRpcClient.java:216)
	at com.documentum.fc.client.impl.connection.docbase.netwise.NetwiseDocbaseRpcClient.closeCollection(NetwiseDocbaseRpcClient.java:933)
	at com.documentum.fc.client.impl.connection.docbase.netwise.NetwiseDocbaseRpcClient$TypedDataIterator.close(NetwiseDocbaseRpcClient.java:1366)
	at com.documentum.fc.client.impl.connection.docbase.netwise.NetwiseDocbaseRpcClient$TypedDataIterator.getNextBatch(NetwiseDocbaseRpcClient.java:1331)
	at com.documentum.fc.client.impl.connection.docbase.netwise.NetwiseDocbaseRpcClient$TypedDataIterator.hasNext(NetwiseDocbaseRpcClient.java:1305)
	at com.documentum.fc.client.impl.connection.docbase.DocbaseConnection$IteratorSynchronizer.hasNext(DocbaseConnection.java:1912)
	at com.documentum.fc.client.impl.collection.TypedDataCollection.next(TypedDataCollection.java:131)
	at com.documentum.fc.client.impl.collection.CollectionHandle.next(CollectionHandle.java:47)
	at Test_Extract.DFCHelper.getArrayListFromDMColl(DFCHelper.java:77)
	at Test_Extract.Test_Extract.getAuditInfo(Test_Extract.java:535)
	at Test_Extract.Test_Extract.main(Test_Extract.java:127)
Caused by: java.io.IOException: An existing connection was forcibly closed by the remote host
	at sun.nio.ch.SocketDispatcher.write0(Native Method)
	at sun.nio.ch.SocketDispatcher.write(Unknown Source)
	at sun.nio.ch.IOUtil.writeFromNativeBuffer(Unknown Source)
	at sun.nio.ch.IOUtil.write(Unknown Source)
	at sun.nio.ch.SocketChannelImpl.write(Unknown Source)
	at com.documentum.fc.impl.util.io.MessageChannel.writeSocket(MessageChannel.java:253)
	at com.documentum.fc.impl.util.io.MessageChannel.write(MessageChannel.java:219)
	at com.documentum.fc.client.impl.connection.netwise.AbstractNetwiseRpcClient.sendMessage(AbstractNetwiseRpcClient.java:211)
	... 10 more
3248567 [main] WARN com.documentum.fc.client.impl.connection.docbase.netwise.NetwiseDocbaseRpcClient$TypedDataIterator  - Failed to close collection, collection=4
DfIOException:: THREAD: main; MSG: [DM_SESSION_E_RPC_ERROR]error:  "Server communication failure"; ERRORCODE: 100; NEXT: null
	at com.documentum.fc.client.DfIOException.newCommunicationFailureException(DfIOException.java:16)
	at com.documentum.fc.client.impl.connection.netwise.AbstractNetwiseRpcClient.sendMessage(AbstractNetwiseRpcClient.java:216)
	at com.documentum.fc.client.impl.connection.docbase.netwise.NetwiseDocbaseRpcClient.closeCollection(NetwiseDocbaseRpcClient.java:933)
	at com.documentum.fc.client.impl.connection.docbase.netwise.NetwiseDocbaseRpcClient$TypedDataIterator.close(NetwiseDocbaseRpcClient.java:1366)
	at com.documentum.fc.client.impl.connection.docbase.netwise.NetwiseDocbaseRpcClient$TypedDataIterator.getNextBatch(NetwiseDocbaseRpcClient.java:1331)
	at com.documentum.fc.client.impl.connection.docbase.netwise.NetwiseDocbaseRpcClient$TypedDataIterator.hasNext(NetwiseDocbaseRpcClient.java:1305)
	at com.documentum.fc.client.impl.connection.docbase.DocbaseConnection$IteratorSynchronizer.hasNext(DocbaseConnection.java:1912)
	at com.documentum.fc.client.impl.collection.TypedDataCollection.next(TypedDataCollection.java:131)
	at com.documentum.fc.client.impl.collection.CollectionHandle.next(CollectionHandle.java:47)
	at Test_Extract.DFCHelper.getArrayListFromDMColl(DFCHelper.java:77)
	at Test_Extract.Test_Extract.getAuditInfo(Test_Extract.java:535)
	at Test_Extract.Test_Extract.main(Test_Extract.java:127)
Caused by: java.io.IOException: An existing connection was forcibly closed by the remote host
	at sun.nio.ch.SocketDispatcher.write0(Native Method)
	at sun.nio.ch.SocketDispatcher.write(Unknown Source)
	at sun.nio.ch.IOUtil.writeFromNativeBuffer(Unknown Source)
	at sun.nio.ch.IOUtil.write(Unknown Source)
	at sun.nio.ch.SocketChannelImpl.write(Unknown Source)
	at com.documentum.fc.impl.util.io.MessageChannel.writeSocket(MessageChannel.java:253)
	at com.documentum.fc.impl.util.io.MessageChannel.write(MessageChannel.java:219)
	at com.documentum.fc.client.impl.connection.netwise.AbstractNetwiseRpcClient.sendMessage(AbstractNetwiseRpcClient.java:211)
	... 10 more
3251193 [main] WARN com.documentum.fc.client.impl.connection.docbase.netwise.NetwiseDocbaseRpcClient$TypedDataIterator  - Failed to close collection, collection=4
DfIOException:: THREAD: main; MSG: [DM_SESSION_E_RPC_ERROR]error:  "Server communication failure"; ERRORCODE: 100; NEXT: null
	at com.documentum.fc.client.DfIOException.newCommunicationFailureException(DfIOException.java:16)
	at com.documentum.fc.client.impl.connection.netwise.AbstractNetwiseRpcClient.sendMessage(AbstractNetwiseRpcClient.java:216)
	at com.documentum.fc.client.impl.connection.docbase.netwise.NetwiseDocbaseRpcClient.closeCollection(NetwiseDocbaseRpcClient.java:933)
	at com.documentum.fc.client.impl.connection.docbase.netwise.NetwiseDocbaseRpcClient$TypedDataIterator.close(NetwiseDocbaseRpcClient.java:1366)
	at com.documentum.fc.client.impl.connection.docbase.netwise.NetwiseDocbaseRpcClient$TypedDataIterator.getNextBatch(NetwiseDocbaseRpcClient.java:1331)
	at com.documentum.fc.client.impl.connection.docbase.netwise.NetwiseDocbaseRpcClient$TypedDataIterator.hasNext(NetwiseDocbaseRpcClient.java:1305)
	at com.documentum.fc.client.impl.connection.docbase.DocbaseConnection$IteratorSynchronizer.hasNext(DocbaseConnection.java:1912)
	at com.documentum.fc.client.impl.collection.TypedDataCollection.next(TypedDataCollection.java:131)
	at com.documentum.fc.client.impl.collection.CollectionHandle.next(CollectionHandle.java:47)
	at Test_Extract.DFCHelper.getArrayListFromDMColl(DFCHelper.java:77)
	at Test_Extract.Test_Extract.getAuditInfo(Test_Extract.java:535)
	at Test_Extract.Test_Extract.main(Test_Extract.java:127)
Caused by: java.io.IOException: An existing connection was forcibly closed by the remote host
	at sun.nio.ch.SocketDispatcher.write0(Native Method)
	at sun.nio.ch.SocketDispatcher.write(Unknown Source)
	at sun.nio.ch.IOUtil.writeFromNativeBuffer(Unknown Source)
	at sun.nio.ch.IOUtil.write(Unknown Source)
	at sun.nio.ch.SocketChannelImpl.write(Unknown Source)
	at com.documentum.fc.impl.util.io.MessageChannel.writeSocket(MessageChannel.java:253)
	at com.documentum.fc.impl.util.io.MessageChannel.write(MessageChannel.java:219)
	at com.documentum.fc.client.impl.connection.netwise.AbstractNetwiseRpcClient.sendMessage(AbstractNetwiseRpcClient.java:211)
	... 10 more
3249336 [main] WARN com.documentum.fc.client.impl.connection.docbase.netwise.NetwiseDocbaseRpcClient$TypedDataIterator  - Failed to close collection, collection=4
DfIOException:: THREAD: main; MSG: [DM_SESSION_E_RPC_ERROR]error:  "Server communication failure"; ERRORCODE: 100; NEXT: null
	at com.documentum.fc.client.DfIOException.newCommunicationFailureException(DfIOException.java:16)
	at com.documentum.fc.client.impl.connection.netwise.AbstractNetwiseRpcClient.sendMessage(AbstractNetwiseRpcClient.java:216)
	at com.documentum.fc.client.impl.connection.docbase.netwise.NetwiseDocbaseRpcClient.closeCollection(NetwiseDocbaseRpcClient.java:933)
	at com.documentum.fc.client.impl.connection.docbase.netwise.NetwiseDocbaseRpcClient$TypedDataIterator.close(NetwiseDocbaseRpcClient.java:1366)
	at com.documentum.fc.client.impl.connection.docbase.netwise.NetwiseDocbaseRpcClient$TypedDataIterator.getNextBatch(NetwiseDocbaseRpcClient.java:1331)
	at com.documentum.fc.client.impl.connection.docbase.netwise.NetwiseDocbaseRpcClient$TypedDataIterator.hasNext(NetwiseDocbaseRpcClient.java:1305)
	at com.documentum.fc.client.impl.connection.docbase.DocbaseConnection$IteratorSynchronizer.hasNext(DocbaseConnection.java:1912)
	at com.documentum.fc.client.impl.collection.TypedDataCollection.next(TypedDataCollection.java:131)
	at com.documentum.fc.client.impl.collection.CollectionHandle.next(CollectionHandle.java:47)
	at Test_Extract.DFCHelper.getArrayListFromDMColl(DFCHelper.java:77)
	at Test_Extract.Test_Extract.getAuditInfo(Test_Extract.java:535)
	at Test_Extract.Test_Extract.main(Test_Extract.java:127)
Caused by: java.io.IOException: An existing connection was forcibly closed by the remote host
	at sun.nio.ch.SocketDispatcher.write0(Native Method)
	at sun.nio.ch.SocketDispatcher.write(Unknown Source)
	at sun.nio.ch.IOUtil.writeFromNativeBuffer(Unknown Source)
	at sun.nio.ch.IOUtil.write(Unknown Source)
	at sun.nio.ch.SocketChannelImpl.write(Unknown Source)
	at com.documentum.fc.impl.util.io.MessageChannel.writeSocket(MessageChannel.java:253)
	at com.documentum.fc.impl.util.io.MessageChannel.write(MessageChannel.java:219)
	at com.documentum.fc.client.impl.connection.netwise.AbstractNetwiseRpcClient.sendMessage(AbstractNetwiseRpcClient.java:211)
	... 10 more
0 [main] ERROR com.documentum.fc.common.impl.logging.LoggingConfigurator  - Problem locating log4j configuration
0 [main] WARN com.documentum.fc.common.impl.logging.LoggingConfigurator  - Using default log4j configuration
0 [main] ERROR com.documentum.fc.common.impl.logging.LoggingConfigurator  - Problem locating log4j configuration
0 [main] WARN com.documentum.fc.common.impl.logging.LoggingConfigurator  - Using default log4j configuration
0 [main] ERROR com.documentum.fc.common.impl.logging.LoggingConfigurator  - Problem locating log4j configuration
0 [main] WARN com.documentum.fc.common.impl.logging.LoggingConfigurator  - Using default log4j configuration
0 [main] ERROR com.documentum.fc.common.impl.logging.LoggingConfigurator  - Problem locating log4j configuration
0 [main] WARN com.documentum.fc.common.impl.logging.LoggingConfigurator  - Using default log4j configuration
0 [main] ERROR com.documentum.fc.common.impl.logging.LoggingConfigurator  - Problem locating log4j configuration
0 [main] WARN com.documentum.fc.common.impl.logging.LoggingConfigurator  - Using default log4j configuration
0 [main] ERROR com.documentum.fc.common.impl.logging.LoggingConfigurator  - Problem locating log4j configuration
0 [main] WARN com.documentum.fc.common.impl.logging.LoggingConfigurator  - Using default log4j configuration
0 [main] ERROR com.documentum.fc.common.impl.logging.LoggingConfigurator  - Problem locating log4j configuration
0 [main] WARN com.documentum.fc.common.impl.logging.LoggingConfigurator  - Using default log4j configuration
0 [main] ERROR com.documentum.fc.common.impl.logging.LoggingConfigurator  - Problem locating log4j configuration
0 [main] WARN com.documentum.fc.common.impl.logging.LoggingConfigurator  - Using default log4j configuration
0 [main] ERROR com.documentum.fc.common.impl.logging.LoggingConfigurator  - Problem locating log4j configuration
0 [main] WARN com.documentum.fc.common.impl.logging.LoggingConfigurator  - Using default log4j configuration
0 [main] ERROR com.documentum.fc.common.impl.logging.LoggingConfigurator  - Problem locating log4j configuration
0 [main] WARN com.documentum.fc.common.impl.logging.LoggingConfigurator  - Using default log4j configuration
0 [main] ERROR com.documentum.fc.common.impl.logging.LoggingConfigurator  - Problem locating log4j configuration
0 [main] WARN com.documentum.fc.common.impl.logging.LoggingConfigurator  - Using default log4j configuration
0 [main] ERROR com.documentum.fc.common.impl.logging.LoggingConfigurator  - Problem locating log4j configuration
1 [main] WARN com.documentum.fc.common.impl.logging.LoggingConfigurator  - Using default log4j configuration
0 [main] ERROR com.documentum.fc.common.impl.logging.LoggingConfigurator  - Problem locating log4j configuration
1 [main] WARN com.documentum.fc.common.impl.logging.LoggingConfigurator  - Using default log4j configuration
1 [main] ERROR com.documentum.fc.common.impl.logging.LoggingConfigurator  - Problem locating log4j configuration
4 [main] WARN com.documentum.fc.common.impl.logging.LoggingConfigurator  - Using default log4j configuration
0 [main] ERROR com.documentum.fc.common.impl.logging.LoggingConfigurator  - Problem locating log4j configuration
0 [main] WARN com.documentum.fc.common.impl.logging.LoggingConfigurator  - Using default log4j configuration
0 [main] ERROR com.documentum.fc.common.impl.logging.LoggingConfigurator  - Problem locating log4j configuration
0 [main] WARN com.documentum.fc.common.impl.logging.LoggingConfigurator  - Using default log4j configuration
0 [main] ERROR com.documentum.fc.common.impl.logging.LoggingConfigurator  - Problem locating log4j configuration
0 [main] WARN com.documentum.fc.common.impl.logging.LoggingConfigurator  - Using default log4j configuration
0 [main] ERROR com.documentum.fc.common.impl.logging.LoggingConfigurator  - Problem locating log4j configuration
0 [main] WARN com.documentum.fc.common.impl.logging.LoggingConfigurator  - Using default log4j configuration
0 [main] ERROR com.documentum.fc.common.impl.logging.LoggingConfigurator  - Problem locating log4j configuration
0 [main] WARN com.documentum.fc.common.impl.logging.LoggingConfigurator  - Using default log4j configuration
0 [main] ERROR com.documentum.fc.common.impl.logging.LoggingConfigurator  - Problem locating log4j configuration
0 [main] WARN com.documentum.fc.common.impl.logging.LoggingConfigurator  - Using default log4j configuration
0 [main] ERROR com.documentum.fc.common.impl.logging.LoggingConfigurator  - Problem locating log4j configuration
0 [main] WARN com.documentum.fc.common.impl.logging.LoggingConfigurator  - Using default log4j configuration
0 [main] ERROR com.documentum.fc.common.impl.logging.LoggingConfigurator  - Problem locating log4j configuration
0 [main] WARN com.documentum.fc.common.impl.logging.LoggingConfigurator  - Using default log4j configuration
0 [main] ERROR com.documentum.fc.common.impl.logging.LoggingConfigurator  - Problem locating log4j configuration
0 [main] WARN com.documentum.fc.common.impl.logging.LoggingConfigurator  - Using default log4j configuration
0 [main] ERROR com.documentum.fc.common.impl.logging.LoggingConfigurator  - Problem locating log4j configuration
0 [main] WARN com.documentum.fc.common.impl.logging.LoggingConfigurator  - Using default log4j configuration
0 [main] ERROR com.documentum.fc.common.impl.logging.LoggingConfigurator  - Problem locating log4j configuration
15 [main] WARN com.documentum.fc.common.impl.logging.LoggingConfigurator  - Using default log4j configuration
0 [main] ERROR com.documentum.fc.common.impl.logging.LoggingConfigurator  - Problem locating log4j configuration
31 [main] WARN com.documentum.fc.common.impl.logging.LoggingConfigurator  - Using default log4j configuration
0 [main] ERROR com.documentum.fc.common.impl.logging.LoggingConfigurator  - Problem locating log4j configuration
0 [main] WARN com.documentum.fc.common.impl.logging.LoggingConfigurator  - Using default log4j configuration
0 [main] ERROR com.documentum.fc.common.impl.logging.LoggingConfigurator  - Problem locating log4j configuration
0 [main] WARN com.documentum.fc.common.impl.logging.LoggingConfigurator  - Using default log4j configuration
0 [main] ERROR com.documentum.fc.common.impl.logging.LoggingConfigurator  - Problem locating log4j configuration
0 [main] WARN com.documentum.fc.common.impl.logging.LoggingConfigurator  - Using default log4j configuration
0 [main] ERROR com.documentum.fc.common.impl.logging.LoggingConfigurator  - Problem locating log4j configuration
0 [main] WARN com.documentum.fc.common.impl.logging.LoggingConfigurator  - Using default log4j configuration
0 [main] ERROR com.documentum.fc.common.impl.logging.LoggingConfigurator  - Problem locating log4j configuration
0 [main] WARN com.documentum.fc.common.impl.logging.LoggingConfigurator  - Using default log4j configuration
0 [main] ERROR com.documentum.fc.common.impl.logging.LoggingConfigurator  - Problem locating log4j configuration
0 [main] WARN com.documentum.fc.common.impl.logging.LoggingConfigurator  - Using default log4j configuration
0 [main] ERROR com.documentum.fc.common.impl.logging.LoggingConfigurator  - Problem locating log4j configuration
0 [main] WARN com.documentum.fc.common.impl.logging.LoggingConfigurator  - Using default log4j configuration
0 [main] ERROR com.documentum.fc.common.impl.logging.LoggingConfigurator  - Problem locating log4j configuration
0 [main] WARN com.documentum.fc.common.impl.logging.LoggingConfigurator  - Using default log4j configuration
0 [main] ERROR com.documentum.fc.common.impl.logging.LoggingConfigurator  - Problem locating log4j configuration
0 [main] WARN com.documentum.fc.common.impl.logging.LoggingConfigurator  - Using default log4j configuration
0 [main] ERROR com.documentum.fc.common.impl.logging.LoggingConfigurator  - Problem locating log4j configuration
1 [main] WARN com.documentum.fc.common.impl.logging.LoggingConfigurator  - Using default log4j configuration
0 [main] ERROR com.documentum.fc.common.impl.logging.LoggingConfigurator  - Problem locating log4j configuration
1 [main] WARN com.documentum.fc.common.impl.logging.LoggingConfigurator  - Using default log4j configuration
0 [main] ERROR com.documentum.fc.common.impl.logging.LoggingConfigurator  - Problem locating log4j configuration
1 [main] WARN com.documentum.fc.common.impl.logging.LoggingConfigurator  - Using default log4j configuration
0 [main] ERROR com.documentum.fc.common.impl.logging.LoggingConfigurator  - Problem locating log4j configuration
0 [main] WARN com.documentum.fc.common.impl.logging.LoggingConfigurator  - Using default log4j configuration
0 [main] ERROR com.documentum.fc.common.impl.logging.LoggingConfigurator  - Problem locating log4j configuration
0 [main] WARN com.documentum.fc.common.impl.logging.LoggingConfigurator  - Using default log4j configuration
0 [main] ERROR com.documentum.fc.common.impl.logging.LoggingConfigurator  - Problem locating log4j configuration
0 [main] WARN com.documentum.fc.common.impl.logging.LoggingConfigurator  - Using default log4j configuration
0 [main] ERROR com.documentum.fc.common.impl.logging.LoggingConfigurator  - Problem locating log4j configuration
0 [main] WARN com.documentum.fc.common.impl.logging.LoggingConfigurator  - Using default log4j configuration
0 [main] ERROR com.documentum.fc.common.impl.logging.LoggingConfigurator  - Problem locating log4j configuration
1 [main] WARN com.documentum.fc.common.impl.logging.LoggingConfigurator  - Using default log4j configuration
0 [main] ERROR com.documentum.fc.common.impl.logging.LoggingConfigurator  - Problem locating log4j configuration
0 [main] WARN com.documentum.fc.common.impl.logging.LoggingConfigurator  - Using default log4j configuration
0 [main] ERROR com.documentum.fc.common.impl.logging.LoggingConfigurator  - Problem locating log4j configuration
0 [main] WARN com.documentum.fc.common.impl.logging.LoggingConfigurator  - Using default log4j configuration
0 [main] ERROR com.documentum.fc.common.impl.logging.LoggingConfigurator  - Problem locating log4j configuration
0 [main] WARN com.documentum.fc.common.impl.logging.LoggingConfigurator  - Using default log4j configuration
0 [main] ERROR com.documentum.fc.common.impl.logging.LoggingConfigurator  - Problem locating log4j configuration
0 [main] WARN com.documentum.fc.common.impl.logging.LoggingConfigurator  - Using default log4j configuration
0 [main] ERROR com.documentum.fc.common.impl.logging.LoggingConfigurator  - Problem locating log4j configuration
0 [main] WARN com.documentum.fc.common.impl.logging.LoggingConfigurator  - Using default log4j configuration
0 [main] ERROR com.documentum.fc.common.impl.logging.LoggingConfigurator  - Problem locating log4j configuration
15 [main] WARN com.documentum.fc.common.impl.logging.LoggingConfigurator  - Using default log4j configuration
0 [main] ERROR com.documentum.fc.common.impl.logging.LoggingConfigurator  - Problem locating log4j configuration
0 [main] WARN com.documentum.fc.common.impl.logging.LoggingConfigurator  - Using default log4j configuration
0 [main] ERROR com.documentum.fc.common.impl.logging.LoggingConfigurator  - Problem locating log4j configuration
1 [main] WARN com.documentum.fc.common.impl.logging.LoggingConfigurator  - Using default log4j configuration
0 [main] ERROR com.documentum.fc.common.impl.logging.LoggingConfigurator  - Problem locating log4j configuration
1 [main] WARN com.documentum.fc.common.impl.logging.LoggingConfigurator  - Using default log4j configuration
0 [main] ERROR com.documentum.fc.common.impl.logging.LoggingConfigurator  - Problem locating log4j configuration
1 [main] WARN com.documentum.fc.common.impl.logging.LoggingConfigurator  - Using default log4j configuration
0 [main] ERROR com.documentum.fc.common.impl.logging.LoggingConfigurator  - Problem locating log4j configuration
16 [main] WARN com.documentum.fc.common.impl.logging.LoggingConfigurator  - Using default log4j configuration
0 [main] ERROR com.documentum.fc.common.impl.logging.LoggingConfigurator  - Problem locating log4j configuration
0 [main] WARN com.documentum.fc.common.impl.logging.LoggingConfigurator  - Using default log4j configuration
0 [main] ERROR com.documentum.fc.common.impl.logging.LoggingConfigurator  - Problem locating log4j configuration
0 [main] WARN com.documentum.fc.common.impl.logging.LoggingConfigurator  - Using default log4j configuration
0 [main] ERROR com.documentum.fc.common.impl.logging.LoggingConfigurator  - Problem locating log4j configuration
0 [main] WARN com.documentum.fc.common.impl.logging.LoggingConfigurator  - Using default log4j configuration
0 [main] ERROR com.documentum.fc.common.impl.logging.LoggingConfigurator  - Problem locating log4j configuration
0 [main] WARN com.documentum.fc.common.impl.logging.LoggingConfigurator  - Using default log4j configuration
0 [main] ERROR com.documentum.fc.common.impl.logging.LoggingConfigurator  - Problem locating log4j configuration
0 [main] WARN com.documentum.fc.common.impl.logging.LoggingConfigurator  - Using default log4j configuration
0 [main] ERROR com.documentum.fc.common.impl.logging.LoggingConfigurator  - Problem locating log4j configuration
0 [main] WARN com.documentum.fc.common.impl.logging.LoggingConfigurator  - Using default log4j configuration
0 [main] ERROR com.documentum.fc.common.impl.logging.LoggingConfigurator  - Problem locating log4j configuration
1 [main] WARN com.documentum.fc.common.impl.logging.LoggingConfigurator  - Using default log4j configuration
0 [main] ERROR com.documentum.fc.common.impl.logging.LoggingConfigurator  - Problem locating log4j configuration
0 [main] WARN com.documentum.fc.common.impl.logging.LoggingConfigurator  - Using default log4j configuration
0 [main] ERROR com.documentum.fc.common.impl.logging.LoggingConfigurator  - Problem locating log4j configuration
0 [main] WARN com.documentum.fc.common.impl.logging.LoggingConfigurator  - Using default log4j configuration
0 [main] ERROR com.documentum.fc.common.impl.logging.LoggingConfigurator  - Problem locating log4j configuration
0 [main] WARN com.documentum.fc.common.impl.logging.LoggingConfigurator  - Using default log4j configuration
0 [main] ERROR com.documentum.fc.common.impl.logging.LoggingConfigurator  - Problem locating log4j configuration
0 [main] WARN com.documentum.fc.common.impl.logging.LoggingConfigurator  - Using default log4j configuration
0 [main] ERROR com.documentum.fc.common.impl.logging.LoggingConfigurator  - Problem locating log4j configuration
0 [main] WARN com.documentum.fc.common.impl.logging.LoggingConfigurator  - Using default log4j configuration
0 [main] ERROR com.documentum.fc.common.impl.logging.LoggingConfigurator  - Problem locating log4j configuration
0 [main] WARN com.documentum.fc.common.impl.logging.LoggingConfigurator  - Using default log4j configuration
0 [main] ERROR com.documentum.fc.common.impl.logging.LoggingConfigurator  - Problem locating log4j configuration
0 [main] WARN com.documentum.fc.common.impl.logging.LoggingConfigurator  - Using default log4j configuration
0 [main] ERROR com.documentum.fc.common.impl.logging.LoggingConfigurator  - Problem locating log4j configuration
0 [main] WARN com.documentum.fc.common.impl.logging.LoggingConfigurator  - Using default log4j configuration
0 [main] ERROR com.documentum.fc.common.impl.logging.LoggingConfigurator  - Problem locating log4j configuration
0 [main] WARN com.documentum.fc.common.impl.logging.LoggingConfigurator  - Using default log4j configuration
0 [main] ERROR com.documentum.fc.common.impl.logging.LoggingConfigurator  - Problem locating log4j configuration
0 [main] WARN com.documentum.fc.common.impl.logging.LoggingConfigurator  - Using default log4j configuration
0 [main] ERROR com.documentum.fc.common.impl.logging.LoggingConfigurator  - Problem locating log4j configuration
0 [main] WARN com.documentum.fc.common.impl.logging.LoggingConfigurator  - Using default log4j configuration
0 [main] ERROR com.documentum.fc.common.impl.logging.LoggingConfigurator  - Problem locating log4j configuration
0 [main] WARN com.documentum.fc.common.impl.logging.LoggingConfigurator  - Using default log4j configuration
0 [main] ERROR com.documentum.fc.common.impl.logging.LoggingConfigurator  - Problem locating log4j configuration
0 [main] WARN com.documentum.fc.common.impl.logging.LoggingConfigurator  - Using default log4j configuration
0 [main] ERROR com.documentum.fc.common.impl.logging.LoggingConfigurator  - Problem locating log4j configuration
0 [main] WARN com.documentum.fc.common.impl.logging.LoggingConfigurator  - Using default log4j configuration
0 [main] ERROR com.documentum.fc.common.impl.logging.LoggingConfigurator  - Problem locating log4j configuration
0 [main] WARN com.documentum.fc.common.impl.logging.LoggingConfigurator  - Using default log4j configuration
0 [main] ERROR com.documentum.fc.common.impl.logging.LoggingConfigurator  - Problem locating log4j configuration
0 [main] WARN com.documentum.fc.common.impl.logging.LoggingConfigurator  - Using default log4j configuration
0 [main] ERROR com.documentum.fc.common.impl.logging.LoggingConfigurator  - Problem locating log4j configuration
0 [main] WARN com.documentum.fc.common.impl.logging.LoggingConfigurator  - Using default log4j configuration
0 [main] ERROR com.documentum.fc.common.impl.logging.LoggingConfigurator  - Problem locating log4j configuration
0 [main] WARN com.documentum.fc.common.impl.logging.LoggingConfigurator  - Using default log4j configuration
0 [main] ERROR com.documentum.fc.common.impl.logging.LoggingConfigurator  - Problem locating log4j configuration
0 [main] WARN com.documentum.fc.common.impl.logging.LoggingConfigurator  - Using default log4j configuration
15 [main] ERROR com.documentum.fc.common.impl.logging.LoggingConfigurator  - Problem locating log4j configuration
15 [main] WARN com.documentum.fc.common.impl.logging.LoggingConfigurator  - Using default log4j configuration
0 [main] ERROR com.documentum.fc.common.impl.logging.LoggingConfigurator  - Problem locating log4j configuration
1 [main] WARN com.documentum.fc.common.impl.logging.LoggingConfigurator  - Using default log4j configuration
0 [main] ERROR com.documentum.fc.common.impl.logging.LoggingConfigurator  - Problem locating log4j configuration
0 [main] WARN com.documentum.fc.common.impl.logging.LoggingConfigurator  - Using default log4j configuration
0 [main] ERROR com.documentum.fc.common.impl.logging.LoggingConfigurator  - Problem locating log4j configuration
0 [main] WARN com.documentum.fc.common.impl.logging.LoggingConfigurator  - Using default log4j configuration
0 [main] ERROR com.documentum.fc.common.impl.logging.LoggingConfigurator  - Problem locating log4j configuration
0 [main] WARN com.documentum.fc.common.impl.logging.LoggingConfigurator  - Using default log4j configuration
0 [main] ERROR com.documentum.fc.common.impl.logging.LoggingConfigurator  - Problem locating log4j configuration
0 [main] WARN com.documentum.fc.common.impl.logging.LoggingConfigurator  - Using default log4j configuration
0 [main] ERROR com.documentum.fc.common.impl.logging.LoggingConfigurator  - Problem locating log4j configuration
0 [main] WARN com.documentum.fc.common.impl.logging.LoggingConfigurator  - Using default log4j configuration
0 [main] ERROR com.documentum.fc.common.impl.logging.LoggingConfigurator  - Problem locating log4j configuration
0 [main] WARN com.documentum.fc.common.impl.logging.LoggingConfigurator  - Using default log4j configuration
0 [main] ERROR com.documentum.fc.common.impl.logging.LoggingConfigurator  - Problem locating log4j configuration
0 [main] WARN com.documentum.fc.common.impl.logging.LoggingConfigurator  - Using default log4j configuration
0 [main] ERROR com.documentum.fc.common.impl.logging.LoggingConfigurator  - Problem locating log4j configuration
0 [main] WARN com.documentum.fc.common.impl.logging.LoggingConfigurator  - Using default log4j configuration
0 [main] ERROR com.documentum.fc.common.impl.logging.LoggingConfigurator  - Problem locating log4j configuration
0 [main] WARN com.documentum.fc.common.impl.logging.LoggingConfigurator  - Using default log4j configuration
0 [main] ERROR com.documentum.fc.common.impl.logging.LoggingConfigurator  - Problem locating log4j configuration
0 [main] WARN com.documentum.fc.common.impl.logging.LoggingConfigurator  - Using default log4j configuration
0 [main] ERROR com.documentum.fc.common.impl.logging.LoggingConfigurator  - Problem locating log4j configuration
0 [main] WARN com.documentum.fc.common.impl.logging.LoggingConfigurator  - Using default log4j configuration
0 [main] ERROR com.documentum.fc.common.impl.logging.LoggingConfigurator  - Problem locating log4j configuration
0 [main] WARN com.documentum.fc.common.impl.logging.LoggingConfigurator  - Using default log4j configuration
0 [main] ERROR com.documentum.fc.common.impl.logging.LoggingConfigurator  - Problem locating log4j configuration
0 [main] WARN com.documentum.fc.common.impl.logging.LoggingConfigurator  - Using default log4j configuration
